<?xml version="1.0" encoding="UTF-8"?>
<testng-results ignored="0" total="1" passed="1" failed="0" skipped="0">
  <reporter-output>
  </reporter-output>
  <suite started-at="2023-06-26T16:06:53 IST" name="Suite" finished-at="2023-06-26T16:06:53 IST" duration-ms="53">
    <groups>
    </groups>
    <test started-at="2023-06-26T16:06:53 IST" name="Test" finished-at="2023-06-26T16:06:53 IST" duration-ms="53">
      <class name="testpck.APITest">
        <test-method signature="APITESt()[pri:0, instance:testpck.APITest@7a419da4]" started-at="2023-06-26T16:06:53 IST" name="APITESt" finished-at="2023-06-26T16:06:53 IST" duration-ms="6" status="PASS">
          <reporter-output>
          </reporter-output>
        </test-method> <!-- APITESt -->
      </class> <!-- testpck.APITest -->
    </test> <!-- Test -->
  </suite> <!-- Suite -->
</testng-results>
